c:\users\camer\source\repos\sdlgame\sdlgame\x64\debug\vc141.pdb
c:\users\camer\source\repos\sdlgame\sdlgame\x64\debug\vc141.idb
c:\users\camer\source\repos\sdlgame\sdlgame\x64\debug\game.obj
c:\users\camer\source\repos\sdlgame\sdlgame\x64\debug\main.obj
c:\users\camer\source\repos\sdlgame texture\sdlgame\x64\debug\vc141.pdb
c:\users\camer\source\repos\sdlgame texture\sdlgame\x64\debug\vc141.idb
c:\users\camer\source\repos\sdlgame texture\sdlgame\x64\debug\game.obj
c:\users\camer\source\repos\sdlgame texture\sdlgame\x64\debug\main.obj
c:\users\camer\source\repos\physicstrials\x64\debug\sdlgame.ilk
c:\users\camer\source\repos\physicstrials\x64\debug\sdlgame.exe
c:\users\camer\source\repos\physicstrials\x64\debug\sdlgame.pdb
c:\users\camer\source\repos\sdlgame texture\x64\debug\sdlgame.exe
c:\users\camer\source\repos\sdlgame texture\x64\debug\sdlgame.ilk
c:\users\camer\source\repos\sdlgame texture\x64\debug\sdlgame.pdb
c:\users\camer\source\repos\sdlgame texture\sdlgame\x64\debug\sdlgame.tlog\cl.command.1.tlog
c:\users\camer\source\repos\sdlgame texture\sdlgame\x64\debug\sdlgame.tlog\cl.read.1.tlog
c:\users\camer\source\repos\sdlgame texture\sdlgame\x64\debug\sdlgame.tlog\cl.write.1.tlog
c:\users\camer\source\repos\sdlgame texture\sdlgame\x64\debug\sdlgame.tlog\link.command.1.tlog
c:\users\camer\source\repos\sdlgame texture\sdlgame\x64\debug\sdlgame.tlog\link.read.1.tlog
c:\users\camer\source\repos\sdlgame texture\sdlgame\x64\debug\sdlgame.tlog\link.write.1.tlog
